Using pre-set license
Built from '2021.1/staging' branch; Version is '2021.1.9f1 (7a790e367ab3) revision 8026382'; Using compiler version '192528614'; Build Type 'Release'
OS: 'Windows 10 Home; OS build 19042.985; Version 2009; 64bit' Language: 'es' Physical Memory: 7997 MB
BatchMode: 1, IsHumanControllingUs: 0, StartBugReporterOnCrash: 0, Is64bit: 1, IsPro: 0

 COMMAND LINE ARGUMENTS:
C:\Program Files\Unity\Hub\Editor\2021.1.9f1\Editor\Unity.exe
-adb2
-batchMode
-noUpm
-name
AssetImportWorker127
-projectPath
C:/Users/larda/Desktop/Cursos/-LuisCanary/Disparos
-logFile
Logs/AssetImportWorker127.log
-srvPort
50108
Successfully changed project path to: C:/Users/larda/Desktop/Cursos/-LuisCanary/Disparos
C:/Users/larda/Desktop/Cursos/-LuisCanary/Disparos
Using Asset Import Pipeline V2.
Assertion failed on expression: 'm_ErrorCode == MDB_MAP_RESIZED || !HasAbortingErrors()'

received signal from system: SIGSEGV
Stack trace:
0x00007ff6069f8f2c (Unity) StackWalker::GetCurrentCallstack
0x00007ff6069ff0c9 (Unity) StackWalker::ShowCallstack
0x00007ff6071f3e83 (Unity) GetStacktrace
0x00007ff6069f8610 (Unity) winutils::CrashHandler::DefaultSignalHandler
0x00007ff608d8012e (Unity) seh_filter_exe
0x00007ff608e48a6d (Unity) `__scrt_common_main_seh'::`1'::filt$0
0x00007ff608d4d008 (Unity) _C_specific_handler
0x00007ffbdb39217f (ntdll) _chkstk
0x00007ffbdb341454 (ntdll) RtlRaiseException
0x00007ffbdb390cae (ntdll) KiUserExceptionDispatcher
0x00007ff60731e26b (Unity) SourceAssetDBReadTxn::SourceAssetDBReadTxn
0x00007ff6072ec506 (Unity) SyncAssetFoldersWithDB
0x00007ff6072db6dd (Unity) InitializeAssetDatabaseV2
0x00007ff607279865 (Unity) AssetDatabase::InitializeAssetDatabase
0x00007ff606decc00 (Unity) Application::InitializeProject
0x00007ff6071fd527 (Unity) WinMain
0x00007ff608d2a842 (Unity) __scrt_common_main_seh
0x00007ffbda397034 (KERNEL32) BaseThreadInitThunk
0x00007ffbdb342651 (ntdll) RtlUserThreadStart

